<?xml version="1.0" encoding="UTF-8"?>
<coverage generated="1702142123533" clover="3.2.0">
  <project timestamp="1702142123534" name="All files">
    <metrics statements="35" coveredstatements="23" conditionals="6" coveredconditionals="3" methods="6" coveredmethods="4" elements="47" coveredelements="30" complexity="0" loc="35" ncloc="35" packages="3" files="3" classes="3"/>
    <package name="db">
      <metrics statements="20" coveredstatements="15" conditionals="6" coveredconditionals="3" methods="3" coveredmethods="3"/>
      <file name="connection.js" path="D:\RUTH\Pathway\BYU-I\CSE341-WebServices\Seminary-Study-API\db\connection.js">
        <metrics statements="20" coveredstatements="15" conditionals="6" coveredconditionals="3" methods="3" coveredmethods="3"/>
        <line num="1" count="1" type="stmt"/>
        <line num="2" count="1" type="stmt"/>
        <line num="5" count="1" type="stmt"/>
        <line num="13" count="1" type="cond" truecount="1" falsecount="1"/>
        <line num="14" count="0" type="stmt"/>
        <line num="15" count="0" type="stmt"/>
        <line num="18" count="1" type="stmt"/>
        <line num="19" count="1" type="stmt"/>
        <line num="21" count="1" type="stmt"/>
        <line num="22" count="1" type="stmt"/>
        <line num="25" count="0" type="stmt"/>
        <line num="30" count="1" type="stmt"/>
        <line num="31" count="1" type="cond" truecount="1" falsecount="1"/>
        <line num="32" count="1" type="stmt"/>
        <line num="33" count="0" type="stmt"/>
        <line num="36" count="1" type="stmt"/>
        <line num="43" count="2" type="cond" truecount="1" falsecount="1"/>
        <line num="45" count="0" type="stmt"/>
        <line num="48" count="2" type="stmt"/>
        <line num="51" count="1" type="stmt"/>
      </file>
    </package>
    <package name="resolvers">
      <metrics statements="12" coveredstatements="5" conditionals="0" coveredconditionals="0" methods="3" coveredmethods="1"/>
      <file name="doctrinalMastery.js" path="D:\RUTH\Pathway\BYU-I\CSE341-WebServices\Seminary-Study-API\resolvers\doctrinalMastery.js">
        <metrics statements="12" coveredstatements="5" conditionals="0" coveredconditionals="0" methods="3" coveredmethods="1"/>
        <line num="2" count="1" type="stmt"/>
        <line num="4" count="1" type="stmt"/>
        <line num="7" count="0" type="stmt"/>
        <line num="8" count="0" type="stmt"/>
        <line num="15" count="0" type="stmt"/>
        <line num="19" count="0" type="stmt"/>
        <line num="20" count="0" type="stmt"/>
        <line num="26" count="0" type="stmt"/>
        <line num="31" count="1" type="stmt"/>
        <line num="32" count="1" type="stmt"/>
        <line num="38" count="0" type="stmt"/>
        <line num="44" count="1" type="stmt"/>
      </file>
    </package>
    <package name="schemas">
      <metrics statements="3" coveredstatements="3" conditionals="0" coveredconditionals="0" methods="0" coveredmethods="0"/>
      <file name="doctrinalMastery.js" path="D:\RUTH\Pathway\BYU-I\CSE341-WebServices\Seminary-Study-API\schemas\doctrinalMastery.js">
        <metrics statements="3" coveredstatements="3" conditionals="0" coveredconditionals="0" methods="0" coveredmethods="0"/>
        <line num="1" count="1" type="stmt"/>
        <line num="3" count="1" type="stmt"/>
        <line num="34" count="1" type="stmt"/>
      </file>
    </package>
  </project>
</coverage>
