{"C:\\Users\\saral\\Desktop\\FALL2023\\WebServices\\seminary-api\\Seminary-Study-API\\resolvers\\challenges.js": {"path":"C:\\Users\\saral\\Desktop\\FALL2023\\WebServices\\seminary-api\\Seminary-Study-API\\resolvers\\challenges.js","statementMap":{"0":{"start":{"line":1,"column":11},"end":{"line":1,"column":38}},"1":{"start":{"line":3,"column":28},"end":{"line":65,"column":1}},"2":{"start":{"line":6,"column":6},"end":{"line":12,"column":7}},"3":{"start":{"line":7,"column":37},"end":{"line":7,"column":92}},"4":{"start":{"line":8,"column":27},"end":{"line":8,"column":72}},"5":{"start":{"line":9,"column":8},"end":{"line":9,"column":26}},"6":{"start":{"line":11,"column":8},"end":{"line":11,"column":71}},"7":{"start":{"line":15,"column":6},"end":{"line":21,"column":7}},"8":{"start":{"line":16,"column":37},"end":{"line":16,"column":92}},"9":{"start":{"line":17,"column":26},"end":{"line":17,"column":79}},"10":{"start":{"line":18,"column":8},"end":{"line":18,"column":25}},"11":{"start":{"line":20,"column":8},"end":{"line":20,"column":70}},"12":{"start":{"line":26,"column":6},"end":{"line":46,"column":7}},"13":{"start":{"line":27,"column":37},"end":{"line":27,"column":92}},"14":{"start":{"line":28,"column":29},"end":{"line":33,"column":9}},"15":{"start":{"line":36,"column":23},"end":{"line":36,"column":73}},"16":{"start":{"line":37,"column":8},"end":{"line":43,"column":9}},"17":{"start":{"line":38,"column":29},"end":{"line":38,"column":46}},"18":{"start":{"line":39,"column":36},"end":{"line":39,"column":91}},"19":{"start":{"line":40,"column":10},"end":{"line":40,"column":35}},"20":{"start":{"line":42,"column":10},"end":{"line":42,"column":53}},"21":{"start":{"line":45,"column":8},"end":{"line":45,"column":68}},"22":{"start":{"line":49,"column":6},"end":{"line":49,"column":56}},"23":{"start":{"line":52,"column":6},"end":{"line":62,"column":7}},"24":{"start":{"line":53,"column":37},"end":{"line":53,"column":92}},"25":{"start":{"line":54,"column":33},"end":{"line":54,"column":88}},"26":{"start":{"line":55,"column":8},"end":{"line":59,"column":9}},"27":{"start":{"line":56,"column":10},"end":{"line":56,"column":55}},"28":{"start":{"line":58,"column":10},"end":{"line":58,"column":56}},"29":{"start":{"line":61,"column":8},"end":{"line":61,"column":70}},"30":{"start":{"line":67,"column":0},"end":{"line":67,"column":37}}},"fnMap":{"0":{"name":"(anonymous_0)","decl":{"start":{"line":5,"column":19},"end":{"line":5,"column":20}},"loc":{"start":{"line":5,"column":31},"end":{"line":13,"column":5}},"line":5},"1":{"name":"(anonymous_1)","decl":{"start":{"line":14,"column":24},"end":{"line":14,"column":25}},"loc":{"start":{"line":14,"column":56},"end":{"line":22,"column":5}},"line":14},"2":{"name":"(anonymous_2)","decl":{"start":{"line":25,"column":18},"end":{"line":25,"column":19}},"loc":{"start":{"line":25,"column":51},"end":{"line":47,"column":5}},"line":25},"3":{"name":"(anonymous_3)","decl":{"start":{"line":48,"column":12},"end":{"line":48,"column":13}},"loc":{"start":{"line":48,"column":38},"end":{"line":50,"column":5}},"line":48},"4":{"name":"(anonymous_4)","decl":{"start":{"line":51,"column":21},"end":{"line":51,"column":22}},"loc":{"start":{"line":51,"column":53},"end":{"line":63,"column":5}},"line":51}},"branchMap":{"0":{"loc":{"start":{"line":37,"column":8},"end":{"line":43,"column":9}},"type":"if","locations":[{"start":{"line":37,"column":8},"end":{"line":43,"column":9}},{"start":{"line":41,"column":15},"end":{"line":43,"column":9}}],"line":37},"1":{"loc":{"start":{"line":55,"column":8},"end":{"line":59,"column":9}},"type":"if","locations":[{"start":{"line":55,"column":8},"end":{"line":59,"column":9}},{"start":{"line":57,"column":15},"end":{"line":59,"column":9}}],"line":55}},"s":{"0":1,"1":1,"2":1,"3":1,"4":1,"5":1,"6":0,"7":0,"8":0,"9":0,"10":0,"11":0,"12":0,"13":0,"14":0,"15":0,"16":0,"17":0,"18":0,"19":0,"20":0,"21":0,"22":1,"23":0,"24":0,"25":0,"26":0,"27":0,"28":0,"29":0,"30":1},"f":{"0":1,"1":0,"2":0,"3":1,"4":0},"b":{"0":[0,0],"1":[0,0]},"_coverageSchema":"1a1c01bbd47fc00a2c39e90264f33305004495a9","hash":"d02b3707c2c4253b6add10aa8d66b4ebdfaeea1a"}
}
