{"D:\\RUTH\\Pathway\\BYU-I\\CSE341-WebServices\\Seminary-Study-API\\db\\connection.js": {"path":"D:\\RUTH\\Pathway\\BYU-I\\CSE341-WebServices\\Seminary-Study-API\\db\\connection.js","statementMap":{"0":{"start":{"line":1,"column":15},"end":{"line":1,"column":32}},"1":{"start":{"line":2,"column":0},"end":{"line":2,"column":16}},"2":{"start":{"line":5,"column":24},"end":{"line":5,"column":42}},"3":{"start":{"line":13,"column":2},"end":{"line":16,"column":3}},"4":{"start":{"line":14,"column":4},"end":{"line":14,"column":52}},"5":{"start":{"line":15,"column":4},"end":{"line":15,"column":30}},"6":{"start":{"line":18,"column":2},"end":{"line":26,"column":3}},"7":{"start":{"line":19,"column":19},"end":{"line":19,"column":69}},"8":{"start":{"line":21,"column":4},"end":{"line":21,"column":16}},"9":{"start":{"line":22,"column":4},"end":{"line":22,"column":23}},"10":{"start":{"line":25,"column":4},"end":{"line":25,"column":18}},"11":{"start":{"line":30,"column":2},"end":{"line":37,"column":3}},"12":{"start":{"line":31,"column":4},"end":{"line":34,"column":5}},"13":{"start":{"line":32,"column":6},"end":{"line":32,"column":32}},"14":{"start":{"line":33,"column":6},"end":{"line":33,"column":37}},"15":{"start":{"line":36,"column":4},"end":{"line":36,"column":49}},"16":{"start":{"line":43,"column":2},"end":{"line":46,"column":3}},"17":{"start":{"line":45,"column":4},"end":{"line":45,"column":48}},"18":{"start":{"line":48,"column":2},"end":{"line":48,"column":12}},"19":{"start":{"line":51,"column":0},"end":{"line":55,"column":2}}},"fnMap":{"0":{"name":"initDb","decl":{"start":{"line":11,"column":15},"end":{"line":11,"column":21}},"loc":{"start":{"line":11,"column":32},"end":{"line":27,"column":1}},"line":11},"1":{"name":"stopDb","decl":{"start":{"line":29,"column":15},"end":{"line":29,"column":21}},"loc":{"start":{"line":29,"column":24},"end":{"line":38,"column":1}},"line":29},"2":{"name":"getDb","decl":{"start":{"line":41,"column":9},"end":{"line":41,"column":14}},"loc":{"start":{"line":41,"column":17},"end":{"line":49,"column":1}},"line":41}},"branchMap":{"0":{"loc":{"start":{"line":13,"column":2},"end":{"line":16,"column":3}},"type":"if","locations":[{"start":{"line":13,"column":2},"end":{"line":16,"column":3}},{"start":{},"end":{}}],"line":13},"1":{"loc":{"start":{"line":31,"column":4},"end":{"line":34,"column":5}},"type":"if","locations":[{"start":{"line":31,"column":4},"end":{"line":34,"column":5}},{"start":{},"end":{}}],"line":31},"2":{"loc":{"start":{"line":43,"column":2},"end":{"line":46,"column":3}},"type":"if","locations":[{"start":{"line":43,"column":2},"end":{"line":46,"column":3}},{"start":{},"end":{}}],"line":43}},"s":{"0":1,"1":1,"2":1,"3":1,"4":0,"5":0,"6":1,"7":1,"8":1,"9":1,"10":0,"11":1,"12":1,"13":1,"14":0,"15":1,"16":2,"17":0,"18":2,"19":1},"f":{"0":1,"1":1,"2":2},"b":{"0":[0,1],"1":[1,0],"2":[0,2]},"_coverageSchema":"1a1c01bbd47fc00a2c39e90264f33305004495a9","hash":"d516d2c13873b3cad87e358d79585b79c0a28f34"}
,"D:\\RUTH\\Pathway\\BYU-I\\CSE341-WebServices\\Seminary-Study-API\\resolvers\\doctrinalMastery.js": {"path":"D:\\RUTH\\Pathway\\BYU-I\\CSE341-WebServices\\Seminary-Study-API\\resolvers\\doctrinalMastery.js","statementMap":{"0":{"start":{"line":2,"column":11},"end":{"line":2,"column":38}},"1":{"start":{"line":4,"column":28},"end":{"line":42,"column":1}},"2":{"start":{"line":7,"column":6},"end":{"line":16,"column":7}},"3":{"start":{"line":8,"column":8},"end":{"line":13,"column":21}},"4":{"start":{"line":15,"column":8},"end":{"line":15,"column":74}},"5":{"start":{"line":19,"column":6},"end":{"line":27,"column":7}},"6":{"start":{"line":20,"column":8},"end":{"line":24,"column":35}},"7":{"start":{"line":26,"column":8},"end":{"line":26,"column":68}},"8":{"start":{"line":31,"column":6},"end":{"line":39,"column":7}},"9":{"start":{"line":32,"column":8},"end":{"line":36,"column":67}},"10":{"start":{"line":38,"column":8},"end":{"line":38,"column":68}},"11":{"start":{"line":44,"column":0},"end":{"line":44,"column":37}}},"fnMap":{"0":{"name":"(anonymous_0)","decl":{"start":{"line":6,"column":16},"end":{"line":6,"column":17}},"loc":{"start":{"line":6,"column":28},"end":{"line":17,"column":5}},"line":6},"1":{"name":"(anonymous_1)","decl":{"start":{"line":18,"column":13},"end":{"line":18,"column":14}},"loc":{"start":{"line":18,"column":36},"end":{"line":28,"column":5}},"line":18},"2":{"name":"(anonymous_2)","decl":{"start":{"line":30,"column":18},"end":{"line":30,"column":19}},"loc":{"start":{"line":30,"column":57},"end":{"line":40,"column":5}},"line":30}},"branchMap":{},"s":{"0":1,"1":1,"2":0,"3":0,"4":0,"5":0,"6":0,"7":0,"8":1,"9":1,"10":0,"11":1},"f":{"0":0,"1":0,"2":1},"b":{},"_coverageSchema":"1a1c01bbd47fc00a2c39e90264f33305004495a9","hash":"1f80354e5ba89c74c1edd84a86b4ff6fce3284a4"}
,"D:\\RUTH\\Pathway\\BYU-I\\CSE341-WebServices\\Seminary-Study-API\\schemas\\doctrinalMastery.js": {"path":"D:\\RUTH\\Pathway\\BYU-I\\CSE341-WebServices\\Seminary-Study-API\\schemas\\doctrinalMastery.js","statementMap":{"0":{"start":{"line":1,"column":16},"end":{"line":1,"column":45}},"1":{"start":{"line":3,"column":27},"end":{"line":33,"column":1}},"2":{"start":{"line":34,"column":0},"end":{"line":34,"column":36}}},"fnMap":{},"branchMap":{},"s":{"0":1,"1":1,"2":1},"f":{},"b":{},"_coverageSchema":"1a1c01bbd47fc00a2c39e90264f33305004495a9","hash":"270c886d61c2c1ca89eccc085029a8296749aa7f"}
}
